::1 - - [02/Mar/2021:14:41:24 +0000] "GET /documents HTTP/1.1" 304 - "-" "Mozilla/5.0 (Windows NT 10.0; Win64; x64) AppleWebKit/537.36 (KHTML, like Gecko) Chrome/88.0.4324.190 Safari/537.36"
::1 - - [02/Mar/2021:14:41:24 +0000] "GET /css/bootstrap.min.css HTTP/1.1" 304 - "http://localhost:3000/documents" "Mozilla/5.0 (Windows NT 10.0; Win64; x64) AppleWebKit/537.36 (KHTML, like Gecko) Chrome/88.0.4324.190 Safari/537.36"
::1 - - [02/Mar/2021:14:41:24 +0000] "GET /css/main.css HTTP/1.1" 304 - "http://localhost:3000/documents" "Mozilla/5.0 (Windows NT 10.0; Win64; x64) AppleWebKit/537.36 (KHTML, like Gecko) Chrome/88.0.4324.190 Safari/537.36"
::1 - - [02/Mar/2021:14:41:24 +0000] "GET /js/fontawesome.min.js HTTP/1.1" 304 - "http://localhost:3000/documents" "Mozilla/5.0 (Windows NT 10.0; Win64; x64) AppleWebKit/537.36 (KHTML, like Gecko) Chrome/88.0.4324.190 Safari/537.36"
::1 - - [02/Mar/2021:14:41:24 +0000] "GET /js/documents.js HTTP/1.1" 304 - "http://localhost:3000/documents" "Mozilla/5.0 (Windows NT 10.0; Win64; x64) AppleWebKit/537.36 (KHTML, like Gecko) Chrome/88.0.4324.190 Safari/537.36"
::1 - - [02/Mar/2021:14:41:24 +0000] "GET /js/bootstrap.bundle.min.js HTTP/1.1" 304 - "http://localhost:3000/documents" "Mozilla/5.0 (Windows NT 10.0; Win64; x64) AppleWebKit/537.36 (KHTML, like Gecko) Chrome/88.0.4324.190 Safari/537.36"
::1 - - [02/Mar/2021:14:41:24 +0000] "GET /css/fontawesome.min.css HTTP/1.1" 304 - "-" "Mozilla/5.0 (Windows NT 10.0; Win64; x64) AppleWebKit/537.36 (KHTML, like Gecko) Chrome/88.0.4324.190 Safari/537.36"
::1 - - [02/Mar/2021:14:41:24 +0000] "GET /favicon.ico HTTP/1.1" 302 32 "http://localhost:3000/documents" "Mozilla/5.0 (Windows NT 10.0; Win64; x64) AppleWebKit/537.36 (KHTML, like Gecko) Chrome/88.0.4324.190 Safari/537.36"
::1 - - [02/Mar/2021:14:41:24 +0000] "GET /documents HTTP/1.1" 200 - "http://localhost:3000/documents" "Mozilla/5.0 (Windows NT 10.0; Win64; x64) AppleWebKit/537.36 (KHTML, like Gecko) Chrome/88.0.4324.190 Safari/537.36"
::1 - - [02/Mar/2021:14:41:28 +0000] "GET /documents HTTP/1.1" 304 - "-" "Mozilla/5.0 (Windows NT 10.0; Win64; x64) AppleWebKit/537.36 (KHTML, like Gecko) Chrome/88.0.4324.190 Safari/537.36"
::1 - - [02/Mar/2021:14:41:28 +0000] "GET /css/bootstrap.min.css HTTP/1.1" 304 - "http://localhost:3000/documents" "Mozilla/5.0 (Windows NT 10.0; Win64; x64) AppleWebKit/537.36 (KHTML, like Gecko) Chrome/88.0.4324.190 Safari/537.36"
::1 - - [02/Mar/2021:14:41:28 +0000] "GET /css/main.css HTTP/1.1" 304 - "http://localhost:3000/documents" "Mozilla/5.0 (Windows NT 10.0; Win64; x64) AppleWebKit/537.36 (KHTML, like Gecko) Chrome/88.0.4324.190 Safari/537.36"
::1 - - [02/Mar/2021:14:41:28 +0000] "GET /js/bootstrap.bundle.min.js HTTP/1.1" 304 - "http://localhost:3000/documents" "Mozilla/5.0 (Windows NT 10.0; Win64; x64) AppleWebKit/537.36 (KHTML, like Gecko) Chrome/88.0.4324.190 Safari/537.36"
::1 - - [02/Mar/2021:14:41:28 +0000] "GET /js/fontawesome.min.js HTTP/1.1" 304 - "http://localhost:3000/documents" "Mozilla/5.0 (Windows NT 10.0; Win64; x64) AppleWebKit/537.36 (KHTML, like Gecko) Chrome/88.0.4324.190 Safari/537.36"
::1 - - [02/Mar/2021:14:41:28 +0000] "GET /js/documents.js HTTP/1.1" 304 - "http://localhost:3000/documents" "Mozilla/5.0 (Windows NT 10.0; Win64; x64) AppleWebKit/537.36 (KHTML, like Gecko) Chrome/88.0.4324.190 Safari/537.36"
::1 - - [02/Mar/2021:14:41:28 +0000] "GET /css/fontawesome.min.css HTTP/1.1" 304 - "-" "Mozilla/5.0 (Windows NT 10.0; Win64; x64) AppleWebKit/537.36 (KHTML, like Gecko) Chrome/88.0.4324.190 Safari/537.36"
::1 - - [02/Mar/2021:14:41:28 +0000] "GET /favicon.ico HTTP/1.1" 302 32 "http://localhost:3000/documents" "Mozilla/5.0 (Windows NT 10.0; Win64; x64) AppleWebKit/537.36 (KHTML, like Gecko) Chrome/88.0.4324.190 Safari/537.36"
::1 - - [02/Mar/2021:14:41:29 +0000] "GET /documents HTTP/1.1" 200 - "http://localhost:3000/documents" "Mozilla/5.0 (Windows NT 10.0; Win64; x64) AppleWebKit/537.36 (KHTML, like Gecko) Chrome/88.0.4324.190 Safari/537.36"
::1 - - [02/Mar/2021:15:03:27 +0000] "GET /documents HTTP/1.1" 304 - "-" "Mozilla/5.0 (Windows NT 10.0; Win64; x64) AppleWebKit/537.36 (KHTML, like Gecko) Chrome/88.0.4324.190 Safari/537.36"
::1 - - [02/Mar/2021:15:03:27 +0000] "GET /css/bootstrap.min.css HTTP/1.1" 304 - "http://localhost:3000/documents" "Mozilla/5.0 (Windows NT 10.0; Win64; x64) AppleWebKit/537.36 (KHTML, like Gecko) Chrome/88.0.4324.190 Safari/537.36"
::1 - - [02/Mar/2021:15:03:27 +0000] "GET /css/main.css HTTP/1.1" 304 - "http://localhost:3000/documents" "Mozilla/5.0 (Windows NT 10.0; Win64; x64) AppleWebKit/537.36 (KHTML, like Gecko) Chrome/88.0.4324.190 Safari/537.36"
::1 - - [02/Mar/2021:15:03:27 +0000] "GET /js/bootstrap.bundle.min.js HTTP/1.1" 304 - "http://localhost:3000/documents" "Mozilla/5.0 (Windows NT 10.0; Win64; x64) AppleWebKit/537.36 (KHTML, like Gecko) Chrome/88.0.4324.190 Safari/537.36"
::1 - - [02/Mar/2021:15:03:27 +0000] "GET /js/fontawesome.min.js HTTP/1.1" 304 - "http://localhost:3000/documents" "Mozilla/5.0 (Windows NT 10.0; Win64; x64) AppleWebKit/537.36 (KHTML, like Gecko) Chrome/88.0.4324.190 Safari/537.36"
::1 - - [02/Mar/2021:15:03:27 +0000] "GET /js/documents.js HTTP/1.1" 304 - "http://localhost:3000/documents" "Mozilla/5.0 (Windows NT 10.0; Win64; x64) AppleWebKit/537.36 (KHTML, like Gecko) Chrome/88.0.4324.190 Safari/537.36"
::1 - - [02/Mar/2021:15:03:27 +0000] "GET /css/fontawesome.min.css HTTP/1.1" 304 - "-" "Mozilla/5.0 (Windows NT 10.0; Win64; x64) AppleWebKit/537.36 (KHTML, like Gecko) Chrome/88.0.4324.190 Safari/537.36"
::1 - - [02/Mar/2021:15:03:27 +0000] "GET /favicon.ico HTTP/1.1" 302 32 "http://localhost:3000/documents" "Mozilla/5.0 (Windows NT 10.0; Win64; x64) AppleWebKit/537.36 (KHTML, like Gecko) Chrome/88.0.4324.190 Safari/537.36"
::1 - - [02/Mar/2021:15:03:28 +0000] "GET /documents HTTP/1.1" 200 - "http://localhost:3000/documents" "Mozilla/5.0 (Windows NT 10.0; Win64; x64) AppleWebKit/537.36 (KHTML, like Gecko) Chrome/88.0.4324.190 Safari/537.36"
::1 - - [02/Mar/2021:15:03:28 +0000] "GET /swap-folders HTTP/1.1" 304 - "http://localhost:3000/documents" "Mozilla/5.0 (Windows NT 10.0; Win64; x64) AppleWebKit/537.36 (KHTML, like Gecko) Chrome/88.0.4324.190 Safari/537.36"
::1 - - [02/Mar/2021:15:03:28 +0000] "GET /css/bootstrap.min.css HTTP/1.1" 304 - "-" "Mozilla/5.0 (Windows NT 10.0; Win64; x64) AppleWebKit/537.36 (KHTML, like Gecko) Chrome/88.0.4324.190 Safari/537.36"
::1 - - [02/Mar/2021:15:03:28 +0000] "GET /css/main.css HTTP/1.1" 304 - "-" "Mozilla/5.0 (Windows NT 10.0; Win64; x64) AppleWebKit/537.36 (KHTML, like Gecko) Chrome/88.0.4324.190 Safari/537.36"
::1 - - [02/Mar/2021:15:03:29 +0000] "GET /css/swap-folders.css HTTP/1.1" 304 - "-" "Mozilla/5.0 (Windows NT 10.0; Win64; x64) AppleWebKit/537.36 (KHTML, like Gecko) Chrome/88.0.4324.190 Safari/537.36"
::1 - - [02/Mar/2021:15:03:29 +0000] "GET /js/bootstrap.bundle.min.js HTTP/1.1" 304 - "-" "Mozilla/5.0 (Windows NT 10.0; Win64; x64) AppleWebKit/537.36 (KHTML, like Gecko) Chrome/88.0.4324.190 Safari/537.36"
::1 - - [02/Mar/2021:15:03:29 +0000] "GET /js/fontawesome.min.js HTTP/1.1" 304 - "-" "Mozilla/5.0 (Windows NT 10.0; Win64; x64) AppleWebKit/537.36 (KHTML, like Gecko) Chrome/88.0.4324.190 Safari/537.36"
::1 - - [02/Mar/2021:15:03:29 +0000] "GET /js/swap-folders.js HTTP/1.1" 304 - "-" "Mozilla/5.0 (Windows NT 10.0; Win64; x64) AppleWebKit/537.36 (KHTML, like Gecko) Chrome/88.0.4324.190 Safari/537.36"
::1 - - [02/Mar/2021:15:03:29 +0000] "GET /css/fontawesome.min.css HTTP/1.1" 304 - "-" "Mozilla/5.0 (Windows NT 10.0; Win64; x64) AppleWebKit/537.36 (KHTML, like Gecko) Chrome/88.0.4324.190 Safari/537.36"
::1 - - [02/Mar/2021:15:03:29 +0000] "GET /favicon.ico HTTP/1.1" 302 32 "-" "Mozilla/5.0 (Windows NT 10.0; Win64; x64) AppleWebKit/537.36 (KHTML, like Gecko) Chrome/88.0.4324.190 Safari/537.36"
::1 - - [02/Mar/2021:15:03:29 +0000] "GET /favicon.ico HTTP/1.1" 302 32 "-" "Mozilla/5.0 (Windows NT 10.0; Win64; x64) AppleWebKit/537.36 (KHTML, like Gecko) Chrome/88.0.4324.190 Safari/537.36"
::1 - - [02/Mar/2021:15:03:31 +0000] "GET /documents HTTP/1.1" 304 - "-" "Mozilla/5.0 (Windows NT 10.0; Win64; x64) AppleWebKit/537.36 (KHTML, like Gecko) Chrome/88.0.4324.190 Safari/537.36"
::1 - - [02/Mar/2021:15:03:31 +0000] "GET /css/bootstrap.min.css HTTP/1.1" 304 - "http://localhost:3000/documents" "Mozilla/5.0 (Windows NT 10.0; Win64; x64) AppleWebKit/537.36 (KHTML, like Gecko) Chrome/88.0.4324.190 Safari/537.36"
::1 - - [02/Mar/2021:15:03:31 +0000] "GET /css/main.css HTTP/1.1" 304 - "http://localhost:3000/documents" "Mozilla/5.0 (Windows NT 10.0; Win64; x64) AppleWebKit/537.36 (KHTML, like Gecko) Chrome/88.0.4324.190 Safari/537.36"
::1 - - [02/Mar/2021:15:03:31 +0000] "GET /js/bootstrap.bundle.min.js HTTP/1.1" 304 - "http://localhost:3000/documents" "Mozilla/5.0 (Windows NT 10.0; Win64; x64) AppleWebKit/537.36 (KHTML, like Gecko) Chrome/88.0.4324.190 Safari/537.36"
::1 - - [02/Mar/2021:15:03:31 +0000] "GET /js/fontawesome.min.js HTTP/1.1" 304 - "http://localhost:3000/documents" "Mozilla/5.0 (Windows NT 10.0; Win64; x64) AppleWebKit/537.36 (KHTML, like Gecko) Chrome/88.0.4324.190 Safari/537.36"
::1 - - [02/Mar/2021:15:03:31 +0000] "GET /js/documents.js HTTP/1.1" 304 - "http://localhost:3000/documents" "Mozilla/5.0 (Windows NT 10.0; Win64; x64) AppleWebKit/537.36 (KHTML, like Gecko) Chrome/88.0.4324.190 Safari/537.36"
::1 - - [02/Mar/2021:15:03:31 +0000] "GET /css/fontawesome.min.css HTTP/1.1" 304 - "-" "Mozilla/5.0 (Windows NT 10.0; Win64; x64) AppleWebKit/537.36 (KHTML, like Gecko) Chrome/88.0.4324.190 Safari/537.36"
::1 - - [02/Mar/2021:15:03:31 +0000] "GET /favicon.ico HTTP/1.1" 302 32 "http://localhost:3000/documents" "Mozilla/5.0 (Windows NT 10.0; Win64; x64) AppleWebKit/537.36 (KHTML, like Gecko) Chrome/88.0.4324.190 Safari/537.36"
::1 - - [02/Mar/2021:15:03:31 +0000] "GET /documents HTTP/1.1" 304 - "http://localhost:3000/documents" "Mozilla/5.0 (Windows NT 10.0; Win64; x64) AppleWebKit/537.36 (KHTML, like Gecko) Chrome/88.0.4324.190 Safari/537.36"
